# JRE version: OpenJDK Runtime Environment 18.9 (11.0.11+9) (build 11.0.11+9)
# Java VM: OpenJDK 64-Bit Server VM 18.9 (11.0.11+9, mixed mode, tiered, compressed oops, g1 gc, windows-amd64)
Heap:
 garbage-first heap   total 331776K, used 148229K [0x0000000740000000, 0x0000000800000000)
  region size 1024K, 21 young (21504K), 0 survivors (0K)
 Metaspace       used 114254K, capacity 117403K, committed 117632K, reserved 1150976K
  class space    used 14311K, capacity 15696K, committed 15744K, reserved 1048576K
GC Heap History (20 events):
Event: 1854.404 GC heap before
{Heap before GC invocations=1273 (full 926):
 garbage-first heap   total 331776K, used 132652K [0x0000000740000000, 0x0000000800000000)
  region size 1024K, 4 young (4096K), 0 survivors (0K)
 Metaspace       used 114236K, capacity 117403K, committed 117632K, reserved 1150976K
  class space    used 14310K, capacity 15696K, committed 15744K, reserved 1048576K
}
Event: 1854.486 GC heap after
{Heap after GC invocations=1274 (full 927):
 garbage-first heap   total 331776K, used 127538K [0x0000000740000000, 0x0000000800000000)
  region size 1024K, 0 young (0K), 0 survivors (0K)
 Metaspace       used 114236K, capacity 117403K, committed 117632K, reserved 1150976K
  class space    used 14310K, capacity 15696K, committed 15744K, reserved 1048576K
}
Event: 1854.515 GC heap before
{Heap before GC invocations=1274 (full 927):
 garbage-first heap   total 331776K, used 130610K [0x0000000740000000, 0x0000000800000000)
  region size 1024K, 4 young (4096K), 0 survivors (0K)
 Metaspace       used 114236K, capacity 117403K, committed 117632K, reserved 1150976K
  class space    used 14310K, capacity 15696K, committed 15744K, reserved 1048576K
}
Event: 1854.516 GC heap after
{Heap after GC invocations=1275 (full 927):
 garbage-first heap   total 331776K, used 127726K [0x0000000740000000, 0x0000000800000000)
  region size 1024K, 1 young (1024K), 1 survivors (1024K)
 Metaspace       used 114236K, capacity 117403K, committed 117632K, reserved 1150976K
  class space    used 14310K, capacity 15696K, committed 15744K, reserved 1048576K
}
Event: 1854.561 GC heap before
{Heap before GC invocations=1275 (full 927):
 garbage-first heap   total 331776K, used 131822K [0x0000000740000000, 0x0000000800000000)
  region size 1024K, 6 young (6144K), 1 survivors (1024K)
 Metaspace       used 114236K, capacity 117403K, committed 117632K, reserved 1150976K
  class space    used 14310K, capacity 15696K, committed 15744K, reserved 1048576K
}
Event: 1854.643 GC heap after
{Heap after GC invocations=1276 (full 928):
 garbage-first heap   total 331776K, used 127552K [0x0000000740000000, 0x0000000800000000)
  region size 1024K, 0 young (0K), 0 survivors (0K)
 Metaspace       used 114236K, capacity 117403K, committed 117632K, reserved 1150976K
  class space    used 14310K, capacity 15696K, committed 15744K, reserved 1048576K
}
Event: 1854.674 GC heap before
{Heap before GC invocations=1276 (full 928):
 garbage-first heap   total 331776K, used 132672K [0x0000000740000000, 0x0000000800000000)
  region size 1024K, 4 young (4096K), 0 survivors (0K)
 Metaspace       used 114236K, capacity 117403K, committed 117632K, reserved 1150976K
  class space    used 14310K, capacity 15696K, committed 15744K, reserved 1048576K
}
Event: 1854.756 GC heap after
{Heap after GC invocations=1277 (full 929):
 garbage-first heap   total 331776K, used 127564K [0x0000000740000000, 0x0000000800000000)
  region size 1024K, 0 young (0K), 0 survivors (0K)
 Metaspace       used 114236K, capacity 117403K, committed 117632K, reserved 1150976K
  class space    used 14310K, capacity 15696K, committed 15744K, reserved 1048576K
}
Event: 1856.309 GC heap before
{Heap before GC invocations=1277 (full 929):
 garbage-first heap   total 331776K, used 142924K [0x0000000740000000, 0x0000000800000000)
  region size 1024K, 12 young (12288K), 0 survivors (0K)
 Metaspace       used 114236K, capacity 117403K, committed 117632K, reserved 1150976K
  class space    used 14310K, capacity 15696K, committed 15744K, reserved 1048576K
}
Event: 1856.391 GC heap after
{Heap after GC invocations=1278 (full 930):
 garbage-first heap   total 331776K, used 127637K [0x0000000740000000, 0x0000000800000000)
  region size 1024K, 0 young (0K), 0 survivors (0K)
 Metaspace       used 114236K, capacity 117403K, committed 117632K, reserved 1150976K
  class space    used 14310K, capacity 15696K, committed 15744K, reserved 1048576K
}
Event: 1861.520 GC heap before
{Heap before GC invocations=1278 (full 930):
 garbage-first heap   total 331776K, used 142997K [0x0000000740000000, 0x0000000800000000)
  region size 1024K, 14 young (14336K), 0 survivors (0K)
 Metaspace       used 114236K, capacity 117403K, committed 117632K, reserved 1150976K
  class space    used 14310K, capacity 15696K, committed 15744K, reserved 1048576K
}
Event: 1861.602 GC heap after
{Heap after GC invocations=1279 (full 931):
 garbage-first heap   total 331776K, used 127746K [0x0000000740000000, 0x0000000800000000)
  region size 1024K, 0 young (0K), 0 survivors (0K)
 Metaspace       used 114236K, capacity 117403K, committed 117632K, reserved 1150976K
  class space    used 14310K, capacity 15696K, committed 15744K, reserved 1048576K
}
Event: 1862.146 GC heap before
{Heap before GC invocations=1279 (full 931):
 garbage-first heap   total 331776K, used 134914K [0x0000000740000000, 0x0000000800000000)
  region size 1024K, 4 young (4096K), 0 survivors (0K)
 Metaspace       used 114236K, capacity 117403K, committed 117632K, reserved 1150976K
  class space    used 14310K, capacity 15696K, committed 15744K, reserved 1048576K
}
Event: 1862.227 GC heap after
{Heap after GC invocations=1280 (full 932):
 garbage-first heap   total 331776K, used 127703K [0x0000000740000000, 0x0000000800000000)
  region size 1024K, 0 young (0K), 0 survivors (0K)
 Metaspace       used 114236K, capacity 117403K, committed 117632K, reserved 1150976K
  class space    used 14310K, capacity 15696K, committed 15744K, reserved 1048576K
}
Event: 1862.338 GC heap before
{Heap before GC invocations=1280 (full 932):
 garbage-first heap   total 331776K, used 133847K [0x0000000740000000, 0x0000000800000000)
  region size 1024K, 5 young (5120K), 0 survivors (0K)
 Metaspace       used 114236K, capacity 117403K, committed 117632K, reserved 1150976K
  class space    used 14310K, capacity 15696K, committed 15744K, reserved 1048576K
}
Event: 1862.418 GC heap after
{Heap after GC invocations=1281 (full 933):
 garbage-first heap   total 331776K, used 127722K [0x0000000740000000, 0x0000000800000000)
  region size 1024K, 0 young (0K), 0 survivors (0K)
 Metaspace       used 114236K, capacity 117403K, committed 117632K, reserved 1150976K
  class space    used 14310K, capacity 15696K, committed 15744K, reserved 1048576K
}
Event: 1870.427 GC heap before
{Heap before GC invocations=1281 (full 933):
 garbage-first heap   total 331776K, used 189162K [0x0000000740000000, 0x0000000800000000)
  region size 1024K, 60 young (61440K), 0 survivors (0K)
 Metaspace       used 114246K, capacity 117403K, committed 117632K, reserved 1150976K
  class space    used 14311K, capacity 15696K, committed 15744K, reserved 1048576K
}
Event: 1870.429 GC heap after
{Heap after GC invocations=1282 (full 933):
 garbage-first heap   total 331776K, used 128219K [0x0000000740000000, 0x0000000800000000)
  region size 1024K, 1 young (1024K), 1 survivors (1024K)
 Metaspace       used 114246K, capacity 117403K, committed 117632K, reserved 1150976K
  class space    used 14311K, capacity 15696K, committed 15744K, reserved 1048576K
}
Event: 1872.866 GC heap before
{Heap before GC invocations=1282 (full 933):
 garbage-first heap   total 331776K, used 173275K [0x0000000740000000, 0x0000000800000000)
  region size 1024K, 46 young (47104K), 1 survivors (1024K)
 Metaspace       used 114246K, capacity 117403K, committed 117632K, reserved 1150976K
  class space    used 14311K, capacity 15696K, committed 15744K, reserved 1048576K
}
Event: 1872.947 GC heap after
{Heap after GC invocations=1283 (full 934):
 garbage-first heap   total 331776K, used 127749K [0x0000000740000000, 0x0000000800000000)
  region size 1024K, 0 young (0K), 0 survivors (0K)
 Metaspace       used 114246K, capacity 117403K, committed 117632K, reserved 1150976K
  class space    used 14311K, capacity 15696K, committed 15744K, reserved 1048576K
}

