# JRE version: OpenJDK Runtime Environment 18.9 (11.0.11+9) (build 11.0.11+9)
# Java VM: OpenJDK 64-Bit Server VM 18.9 (11.0.11+9, mixed mode, tiered, compressed oops, g1 gc, windows-amd64)
Heap:
 garbage-first heap   total 290816K, used 109938K [0x0000000740000000, 0x0000000800000000)
  region size 1024K, 23 young (23552K), 1 survivors (1024K)
 Metaspace       used 108160K, capacity 111076K, committed 111348K, reserved 1144832K
  class space    used 14051K, capacity 15347K, committed 15436K, reserved 1048576K
GC Heap History (20 events):
Event: 143.104 GC heap before
{Heap before GC invocations=145 (full 82):
 garbage-first heap   total 290816K, used 89628K [0x0000000740000000, 0x0000000800000000)
  region size 1024K, 5 young (5120K), 0 survivors (0K)
 Metaspace       used 107049K, capacity 109812K, committed 110068K, reserved 1144832K
  class space    used 13881K, capacity 15093K, committed 15180K, reserved 1048576K
}
Event: 143.157 GC heap after
{Heap after GC invocations=146 (full 83):
 garbage-first heap   total 290816K, used 85532K [0x0000000740000000, 0x0000000800000000)
  region size 1024K, 0 young (0K), 0 survivors (0K)
 Metaspace       used 107049K, capacity 109812K, committed 110068K, reserved 1144832K
  class space    used 13881K, capacity 15093K, committed 15180K, reserved 1048576K
}
Event: 143.401 GC heap before
{Heap before GC invocations=146 (full 83):
 garbage-first heap   total 290816K, used 89628K [0x0000000740000000, 0x0000000800000000)
  region size 1024K, 5 young (5120K), 0 survivors (0K)
 Metaspace       used 107069K, capacity 109812K, committed 110068K, reserved 1144832K
  class space    used 13881K, capacity 15093K, committed 15180K, reserved 1048576K
}
Event: 143.455 GC heap after
{Heap after GC invocations=147 (full 84):
 garbage-first heap   total 290816K, used 85534K [0x0000000740000000, 0x0000000800000000)
  region size 1024K, 0 young (0K), 0 survivors (0K)
 Metaspace       used 107069K, capacity 109812K, committed 110068K, reserved 1144832K
  class space    used 13881K, capacity 15093K, committed 15180K, reserved 1048576K
}
Event: 144.306 GC heap before
{Heap before GC invocations=147 (full 84):
 garbage-first heap   total 290816K, used 89630K [0x0000000740000000, 0x0000000800000000)
  region size 1024K, 5 young (5120K), 0 survivors (0K)
 Metaspace       used 107071K, capacity 109812K, committed 110068K, reserved 1144832K
  class space    used 13881K, capacity 15093K, committed 15180K, reserved 1048576K
}
Event: 144.360 GC heap after
{Heap after GC invocations=148 (full 85):
 garbage-first heap   total 290816K, used 85536K [0x0000000740000000, 0x0000000800000000)
  region size 1024K, 0 young (0K), 0 survivors (0K)
 Metaspace       used 107071K, capacity 109812K, committed 110068K, reserved 1144832K
  class space    used 13881K, capacity 15093K, committed 15180K, reserved 1048576K
}
Event: 145.225 GC heap before
{Heap before GC invocations=148 (full 85):
 garbage-first heap   total 290816K, used 89632K [0x0000000740000000, 0x0000000800000000)
  region size 1024K, 5 young (5120K), 0 survivors (0K)
 Metaspace       used 107097K, capacity 109876K, committed 110068K, reserved 1144832K
  class space    used 13881K, capacity 15093K, committed 15180K, reserved 1048576K
}
Event: 145.279 GC heap after
{Heap after GC invocations=149 (full 86):
 garbage-first heap   total 290816K, used 85536K [0x0000000740000000, 0x0000000800000000)
  region size 1024K, 0 young (0K), 0 survivors (0K)
 Metaspace       used 107097K, capacity 109876K, committed 110068K, reserved 1144832K
  class space    used 13881K, capacity 15093K, committed 15180K, reserved 1048576K
}
Event: 146.031 GC heap before
{Heap before GC invocations=149 (full 86):
 garbage-first heap   total 290816K, used 90656K [0x0000000740000000, 0x0000000800000000)
  region size 1024K, 6 young (6144K), 0 survivors (0K)
 Metaspace       used 107099K, capacity 109876K, committed 110068K, reserved 1144832K
  class space    used 13881K, capacity 15093K, committed 15180K, reserved 1048576K
}
Event: 146.084 GC heap after
{Heap after GC invocations=150 (full 87):
 garbage-first heap   total 290816K, used 85539K [0x0000000740000000, 0x0000000800000000)
  region size 1024K, 0 young (0K), 0 survivors (0K)
 Metaspace       used 107099K, capacity 109876K, committed 110068K, reserved 1144832K
  class space    used 13881K, capacity 15093K, committed 15180K, reserved 1048576K
}
Event: 146.529 GC heap before
{Heap before GC invocations=150 (full 87):
 garbage-first heap   total 290816K, used 89635K [0x0000000740000000, 0x0000000800000000)
  region size 1024K, 5 young (5120K), 0 survivors (0K)
 Metaspace       used 107101K, capacity 109876K, committed 110068K, reserved 1144832K
  class space    used 13881K, capacity 15093K, committed 15180K, reserved 1048576K
}
Event: 146.585 GC heap after
{Heap after GC invocations=151 (full 88):
 garbage-first heap   total 290816K, used 85532K [0x0000000740000000, 0x0000000800000000)
  region size 1024K, 0 young (0K), 0 survivors (0K)
 Metaspace       used 107101K, capacity 109876K, committed 110068K, reserved 1144832K
  class space    used 13881K, capacity 15093K, committed 15180K, reserved 1048576K
}
Event: 146.889 GC heap before
{Heap before GC invocations=151 (full 88):
 garbage-first heap   total 290816K, used 89628K [0x0000000740000000, 0x0000000800000000)
  region size 1024K, 5 young (5120K), 0 survivors (0K)
 Metaspace       used 107101K, capacity 109876K, committed 110068K, reserved 1144832K
  class space    used 13881K, capacity 15093K, committed 15180K, reserved 1048576K
}
Event: 146.943 GC heap after
{Heap after GC invocations=152 (full 89):
 garbage-first heap   total 290816K, used 85534K [0x0000000740000000, 0x0000000800000000)
  region size 1024K, 0 young (0K), 0 survivors (0K)
 Metaspace       used 107101K, capacity 109876K, committed 110068K, reserved 1144832K
  class space    used 13881K, capacity 15093K, committed 15180K, reserved 1048576K
}
Event: 149.481 GC heap before
{Heap before GC invocations=152 (full 89):
 garbage-first heap   total 290816K, used 91678K [0x0000000740000000, 0x0000000800000000)
  region size 1024K, 7 young (7168K), 0 survivors (0K)
 Metaspace       used 107101K, capacity 109876K, committed 110068K, reserved 1144832K
  class space    used 13881K, capacity 15093K, committed 15180K, reserved 1048576K
}
Event: 149.535 GC heap after
{Heap after GC invocations=153 (full 90):
 garbage-first heap   total 290816K, used 85546K [0x0000000740000000, 0x0000000800000000)
  region size 1024K, 0 young (0K), 0 survivors (0K)
 Metaspace       used 107101K, capacity 109876K, committed 110068K, reserved 1144832K
  class space    used 13881K, capacity 15093K, committed 15180K, reserved 1048576K
}
Event: 159.911 GC heap before
{Heap before GC invocations=153 (full 90):
 garbage-first heap   total 290816K, used 149034K [0x0000000740000000, 0x0000000800000000)
  region size 1024K, 60 young (61440K), 0 survivors (0K)
 Metaspace       used 107611K, capacity 110580K, committed 110836K, reserved 1144832K
  class space    used 13992K, capacity 15313K, committed 15436K, reserved 1048576K
}
Event: 159.913 GC heap after
{Heap after GC invocations=154 (full 90):
 garbage-first heap   total 290816K, used 88641K [0x0000000740000000, 0x0000000800000000)
  region size 1024K, 2 young (2048K), 2 survivors (2048K)
 Metaspace       used 107611K, capacity 110580K, committed 110836K, reserved 1144832K
  class space    used 13992K, capacity 15313K, committed 15436K, reserved 1048576K
}
Event: 163.195 GC heap before
{Heap before GC invocations=154 (full 90):
 garbage-first heap   total 290816K, used 148033K [0x0000000740000000, 0x0000000800000000)
  region size 1024K, 60 young (61440K), 2 survivors (2048K)
 Metaspace       used 108094K, capacity 111066K, committed 111348K, reserved 1144832K
  class space    used 14042K, capacity 15347K, committed 15436K, reserved 1048576K
}
Event: 163.197 GC heap after
{Heap after GC invocations=155 (full 90):
 garbage-first heap   total 290816K, used 88434K [0x0000000740000000, 0x0000000800000000)
  region size 1024K, 1 young (1024K), 1 survivors (1024K)
 Metaspace       used 108094K, capacity 111066K, committed 111348K, reserved 1144832K
  class space    used 14042K, capacity 15347K, committed 15436K, reserved 1048576K
}

